resolvers       > globbing > confusing filename, name: 'custMatTransform.py', lower: 'custmattransform.py', already: 'CustMatTransform.py'

resolvers       > globbing > confusing filename, name: 'setCustomAnchor.py', lower: 'setcustomanchor.py', already: 'SetCustomAnchor.py'

resolvers       > globbing > confusing filename, name: 'widg_addLabel.py', lower: 'widg_addlabel.py', already: 'Widg_addLabel.py'

resolvers       > globbing > confusing filename, name: 'widg_addPolyOpt.py', lower: 'widg_addpolyopt.py', already: 'Widg_addPolyOpt.py'

resolvers       > globbing > confusing filename, name: 'widg_editBezier.py', lower: 'widg_editbezier.py', already: 'Widg_editBezier.py'

open source     > level 1, order 1, name '/usr/share/texmf-dist/tex/context/base/mkiv/cont-yes.mkiv'
system          > 
system          > ConTeXt  ver: 2020.03.10 14:44 MKIV beta  fmt: 2024.1.7  int: english/english
system          > 
system          > 'cont-new.mkiv' loaded
open source     > level 2, order 2, name '/usr/share/texmf-dist/tex/context/base/mkiv/cont-new.mkiv'
system          > beware: some patches loaded from cont-new.mkiv
close source    > level 2, order 2, name '/usr/share/texmf-dist/tex/context/base/mkiv/cont-new.mkiv'
system          > files > jobname 'resume-2-page-victor_santos-en', input './resume-2-page-victor_santos-en', result 'resume-2-page-victor_santos-en'
fonts           > latin modern fonts are not preloaded
languages       > language 'en' is active
open source     > level 2, order 3, name '/home/vct/1.Projects/resume/resume-2-page-victor_santos-en.tex'
modules         > 'vctresume' is loaded
open source     > level 3, order 4, name 't-vctresume.tex'
loading         > Macros for resumes
fonts           > preloading latin modern fonts (third stage)
fonts           > 'fallback modern-designsize rm 10pt' is loaded
system          > command '\FB' is already defined
system          > command '\url' is already defined
system          > command '\smallskip' is already defined
close source    > level 3, order 4, name 't-vctresume.tex'
fonts           > typescripts > unknown library 'mylatosans'
system          > command '\LaTeX' is already defined
fonts           > bodyfont '24pt' is defined (can better be done global)
fonts           > bodyfont '28.8pt' is defined (can better be done global)
fonts           > bodyfont '19.2pt' is defined (can better be done global)
structure       > sectioning > title @ level 2 : 0.0 -> Resumo Profissional
structure       > sectioning > subject @ level 3 : 0.0.0 -> Formação
structure       > sectioning > subject @ level 3 : 0.0.0 -> Experiência

Overfull \hbox (4.47098pt too wide) in paragraph at lines 136--138
[] 

\hbox(0.4+0.0)x525.23788, direction TLT
.\hbox(0.4+0.0)x529.70886, direction TLT
..\rule(0.4+0.0)x529.70886
.\penalty 10000
.\glue(\parfillskip) 0.0 plus 1.0fil
.\glue(\rightskip) 0.0


Overfull \hbox (4.47098pt too wide) in paragraph at lines 155--157
[] 

\hbox(0.4+0.0)x525.23788, direction TLT
.\hbox(0.4+0.0)x529.70886, direction TLT
..\rule(0.4+0.0)x529.70886
.\penalty 10000
.\glue(\parfillskip) 0.0 plus 1.0fil
.\glue(\rightskip) 0.0

backend         > xmp > using file '/usr/share/texmf-dist/tex/context/base/mkiv/lpdf-pdx.xml'
pages           > flushing realpage 1, userpage 1, subpage 1

Overfull \hbox (4.47098pt too wide) in paragraph at lines 189--191
[] 

\hbox(0.4+0.0)x525.23788, direction TLT
.\hbox(0.4+0.0)x529.70886, direction TLT
..\rule(0.4+0.0)x529.70886
.\penalty 10000
.\glue(\parfillskip) 0.0 plus 1.0fil
.\glue(\rightskip) 0.0

structure       > sectioning > subject @ level 3 : 0.0.0 -> Habilidades Técnicas
structure       > sectioning > subject @ level 3 : 0.0.0 -> Habilidades Interpessoais
structure       > sectioning > subject @ level 3 : 0.0.0 -> Idiomas
structure       > sectioning > subject @ level 3 : 0.0.0 -> Projetos

Overfull \hbox (4.47098pt too wide) in paragraph at lines 349--352
[] 

\hbox(0.4+0.0)x525.23788, direction TLT
.\hbox(0.4+0.0)x529.70886, direction TLT
..\rule(0.4+0.0)x529.70886
.\penalty 10000
.\glue(\parfillskip) 0.0 plus 1.0fil
.\glue(\rightskip) 0.0


Overfull \hbox (4.47098pt too wide) in paragraph at lines 358--360
[] 

\hbox(0.4+0.0)x525.23788, direction TLT
.\hbox(0.4+0.0)x529.70886, direction TLT
..\rule(0.4+0.0)x529.70886
.\penalty 10000
.\glue(\parfillskip) 0.0 plus 1.0fil
.\glue(\rightskip) 0.0

pages           > flushing realpage 2, userpage 2, subpage 2
close source    > level 2, order 4, name '/home/vct/1.Projects/resume/resume-2-page-victor_santos-en.tex'
close source    > level 1, order 4, name '/usr/share/texmf-dist/tex/context/base/mkiv/cont-yes.mkiv'

system          > start used files

system          > text: resume-2-page-victor_santos-en

system          > stop used files


system          > start used files

system          >    1: filename=char-prv.lua filetype=tex format=tex foundname=/usr/share/texmf-dist/tex/context/base/mkiv/char-prv.lua fullname=/usr/share/texmf-dist/tex/context/base/mkiv/char-prv.lua usedmethod=database
system          >    2: filename=cont-yes.mkiv filetype=tex foundname=/usr/share/texmf-dist/tex/context/base/mkiv/cont-yes.mkiv fullname=/usr/share/texmf-dist/tex/context/base/mkiv/cont-yes.mkiv usedmethod=database
system          >    3: filename=publ-imp-default.lua filetype=scripts foundname=/usr/share/texmf-dist/tex/context/base/mkiv/publ-imp-default.lua fullname=/usr/share/texmf-dist/tex/context/base/mkiv/publ-imp-default.lua usedmethod=database
system          >    4: filename=cont-new.mkiv filetype=tex foundname=/usr/share/texmf-dist/tex/context/base/mkiv/cont-new.mkiv fullname=/usr/share/texmf-dist/tex/context/base/mkiv/cont-new.mkiv usedmethod=database
system          >    5: filename=lang-exc.lua filetype=scripts foundname=/usr/share/texmf-dist/tex/context/base/mkiv/lang-exc.lua fullname=/usr/share/texmf-dist/tex/context/base/mkiv/lang-exc.lua usedmethod=database
system          >    6: filename=lang-us.lua filetype=scripts foundname=/usr/share/texmf-dist/tex/context/patterns/mkiv/lang-us.lua fullname=/usr/share/texmf-dist/tex/context/patterns/mkiv/lang-us.lua usedmethod=database
system          >    7: filename=/home/vct/1.Projects/resume/resume-2-page-victor_santos-en.tex foundname=/home/vct/1.Projects/resume/resume-2-page-victor_santos-en.tex fullname=/home/vct/1.Projects/resume/resume-2-page-victor_santos-en.tex usedmethod=direct
system          >    8: filename=t-vctresume.tex foundname=t-vctresume.tex fullname=/home/vct/1.Projects/resume/t-vctresume.tex usedmethod=direct
system          >    9: filename=lm.lfg filetype=tex foundname=/usr/share/texmf-dist/tex/context/fonts/mkiv/lm.lfg fullname=/usr/share/texmf-dist/tex/context/fonts/mkiv/lm.lfg usedmethod=database
system          >   10: filename=lmroman10-regular filetype=otf format=otf foundname=/usr/share/texmf-dist/fonts/opentype/public/lm/lmroman10-regular.otf fullname=/usr/share/texmf-dist/fonts/opentype/public/lm/lmroman10-regular.otf usedmethod=database
system          >   11: filename=latinmodern-math.otf filetype=opentypefonts foundname=/usr/share/texmf-dist/fonts/opentype/public/lm-math/latinmodern-math.otf fullname=/usr/share/texmf-dist/fonts/opentype/public/lm-math/latinmodern-math.otf usedmethod=database
system          >   12: filename=lmroman10-bold filetype=otf format=otf foundname=/usr/share/texmf-dist/fonts/opentype/public/lm/lmroman10-bold.otf fullname=/usr/share/texmf-dist/fonts/opentype/public/lm/lmroman10-bold.otf usedmethod=database
system          >   13: filename=lmroman12-regular filetype=otf format=otf foundname=/usr/share/texmf-dist/fonts/opentype/public/lm/lmroman12-regular.otf fullname=/usr/share/texmf-dist/fonts/opentype/public/lm/lmroman12-regular.otf usedmethod=database
system          >   14: filename=/usr/share/fonts/fontawesome/Font Awesome 6 Free-Solid-900.otf format=otf foundname=/usr/share/fonts/fontawesome/Font Awesome 6 Free-Solid-900.otf fullname=/usr/share/fonts/fontawesome/Font Awesome 6 Free-Solid-900.otf usedmethod=direct
system          >   15: filename=/usr/share/fonts/fontawesome/Font Awesome 6 Brands-Regular-400.otf format=otf foundname=/usr/share/fonts/fontawesome/Font Awesome 6 Brands-Regular-400.otf fullname=/usr/share/fonts/fontawesome/Font Awesome 6 Brands-Regular-400.otf usedmethod=direct
system          >   16: filename=lmroman12-bold filetype=otf format=otf foundname=/usr/share/texmf-dist/fonts/opentype/public/lm/lmroman12-bold.otf fullname=/usr/share/texmf-dist/fonts/opentype/public/lm/lmroman12-bold.otf usedmethod=database
system          >   17: filename=lmroman10-italic filetype=otf format=otf foundname=/usr/share/texmf-dist/fonts/opentype/public/lm/lmroman10-italic.otf fullname=/usr/share/texmf-dist/fonts/opentype/public/lm/lmroman10-italic.otf usedmethod=database
system          >   18: filename=lpdf-pdx.xml filetype=tex foundname=/usr/share/texmf-dist/tex/context/base/mkiv/lpdf-pdx.xml fullname=/usr/share/texmf-dist/tex/context/base/mkiv/lpdf-pdx.xml usedmethod=database

system          > stop used files


system          > start commandline options

system          > currentrun="3"
system          > fulljobname="./resume-2-page-victor_santos-en.tex"
system          > input="./resume-2-page-victor_santos-en.tex"
system          > kindofrun="2"
system          > maxnofruns="9"
system          > texmfbinpath="/usr/bin"

system          > stop commandline options


system          > start commandline files

system          >    1: ./resume-2-page-victor_santos-en.tex

system          > stop commandline files


modules         > start used modules

modules         > loaded : *-vctresume

modules         > stop used modules


mkiv lua stats  > used config file: selfautodir:/share/texmf-dist/web2c/texmfcnf.lua
mkiv lua stats  > used cache path: /home/vct/.texlive2020/texmf-var/luatex-cache/context/0399a8df3aef8d154781d0a9c2b8e28d
mkiv lua stats  > resource resolver: loadtime 0.128 seconds, 1 scans with scantime 0.126 seconds, 0 shared scans, 18 found files, scanned paths: /usr/share/texmf-dist
mkiv lua stats  > stored bytecode data: 450 modules (0.276 sec), 93 tables (0.008 sec), 543 chunks (0.284 sec)
mkiv lua stats  > traced context: maxstack: 1398, freed: 0, unreachable: 1398
mkiv lua stats  > cleaned up reserved nodes: 63 nodes, 9 lists of 442
mkiv lua stats  > node memory usage: 14 attribute, 4 attribute_list, 1 glue, 51 glue_spec, 3 kern, 4 penalty, 2 temp, 2 user_defined
mkiv lua stats  > node list callback tasks: 8 unique task lists, 9 instances (re)created, 476 calls
mkiv lua stats  > used backend: pdf (backend for directly generating pdf output)
mkiv lua stats  > jobdata time: 0.001 seconds saving, 0.000 seconds loading
mkiv lua stats  > callbacks: internal: 973, file: 680, direct: 2, late: 57, function 1011, total: 2723 (2723 per page)
mkiv lua stats  > randomizer: resumed with value 0.53628113958985
mkiv lua stats  > loaded tex modules: 1 requested, all found (*-vctresume)
mkiv lua stats  > result saved in file: resume-2-page-victor_santos-en.pdf, compresslevel 3, objectcompresslevel 1
mkiv lua stats  > loaded patterns: en::1, load time: 0.000
mkiv lua stats  > interactive elements: 50 references, 7 destinations
mkiv lua stats  > loaded fonts: 8 files: font awesome 6 brands-regular-400.otf, font awesome 6 free-solid-900.otf, latinmodern-math.otf, lmroman10-bold.otf, lmroman10-italic.otf, lmroman10-regular.otf, lmroman12-bold.otf, lmroman12-regular.otf
mkiv lua stats  > font engine: otf 3.111, afm 1.513, tfm 1.000, 29 instances, 19 shared in backend, 3 common vectors, 16 common hashes, load time 0.320 seconds 
mkiv lua stats  > body font sizes: defined: 10pt 11pt 12pt 14.4pt 17.3pt 20.7pt 4pt 5pt 6pt 7pt 8pt 9pt, undefined: 19.2pt 24pt 28.8pt
mkiv lua stats  > pdf annotations: 50 links (50 unique), 0 special
mkiv lua stats  > used platform: linux-64, type: unix, binary subtree: usr
mkiv lua stats  > used engine: luatex version: 1.13, functionality level: 7418, banner: this is luatex, version 1.13.0 (tex live 2021 gentoo linux)
mkiv lua stats  > control sequences: 46535 of 65536 + 100000
mkiv lua stats  > lua properties: engine: lua 5.3, used memory: 139 MB, ctx: 139 MB, max: unknown MB, hash chars: min(64,40), symbol mask: utf (τεχ)
mkiv lua stats  > runtime: 0.784 seconds, 2 processed pages, 2 shipped pages, 2.551 pages/second

